[35m[Appium][39m Welcome to Appium v1.22.3
[35m[Appium][39m Non-default server args:
[35m[Appium][39m   port: 50516
[35m[Appium][39m   loglevel: info
[35m[Appium][39m   tmpDir: C:\Users\lenovo\AppData\Local\Temp\\Katalon\Appium\Temp1668237529807
[35m[Appium][39m   chromedriverPort: 50517
[35m[Appium][39m Deprecated server args:
[35m[Appium][39m   [31m--chromedriver-port[39m => --default-capabilities
[35m[Appium][39m Default capabilities, which will be added to each request unless overridden by desired capabilities:
[35m[Appium][39m   chromedriverPort: 50517
[35m[Appium][39m Appium REST http interface listener started on 0.0.0.0:50516
[35m[HTTP][39m [37m-->[39m [37mGET[39m [37m/wd/hub/status[39m
[35m[HTTP][39m [90m{}[39m
[35m[HTTP][39m [37m<-- GET /wd/hub/status [39m[32m200[39m [90m18 ms - 68[39m
[35m[HTTP][39m [90m[39m
[35m[HTTP][39m [37m-->[39m [37mGET[39m [37m/wd/hub/status[39m
[35m[HTTP][39m [90m{}[39m
[35m[HTTP][39m [37m<-- GET /wd/hub/status [39m[32m200[39m [90m3 ms - 68[39m
[35m[HTTP][39m [90m[39m
[35m[HTTP][39m [37m-->[39m [37mPOST[39m [37m/wd/hub/session[39m
[35m[HTTP][39m [90m{"desiredCapabilities":{"app":"C:\\Users\\lenovo\\Downloads\\MOBILE APP\\ApiDemos.apk","noReset":true,"deviceName":"Xiaomi Redmi Note 9 Pro (Android 11)","fullReset":false,"platform":"ANDROID","newCommandTimeout":1800,"platformVersion":"11","automationName":"uiautomator2","autoGrantPermissions":true,"platformName":"Android","udid":"efe0fbfa","systemPort":50523},"capabilities":{"firstMatch":[{"appium:app":"C:\\Users\\lenovo\\Downloads\\MOBILE APP\\ApiDemos.apk","appium:autoGrantPermissions":true,"appium:automationName":"uiautomator2","appium:deviceName":"Xiaomi Redmi Note 9 Pro (Android 11)","appium:fullReset":false,"appium:newCommandTimeout":1800,"appium:noReset":true,"platform":"ANDROID","platformName":"android","appium:platformVersion":"11","appium:systemPort":50523,"appium:udid":"efe0fbfa"}]}}[39m
[35m[BaseDriver][39m The following capabilities are not standard capabilities and should have an extension prefix:
[35m[BaseDriver][39m   platform
[35m[BaseDriver][39m   chromedriverPort
[35m[Appium][39m Appium v1.22.3 creating new AndroidUiautomator2Driver (v1.70.1) session
[35m[BaseDriver][39m The following capabilities were provided, but are not recognized by Appium:
[35m[BaseDriver][39m   platform
[35m[BaseDriver][39m Session created with session id: 55db61fa-d5e6-4de6-bc1a-4974bc56834f
[35m[BaseDriver][39m Using local app 'C:\Users\lenovo\Downloads\MOBILE APP\ApiDemos.apk'
[35m[ADB][39m Found 1 'build-tools' folders under 'C:\Users\lenovo\.katalon\tools\android_sdk' (newest first):
[35m[ADB][39m     C:/Users/lenovo/.katalon/tools/android_sdk/build-tools/29.0.3
[35m[ADB][39m Using 'adb.exe' from 'C:\Users\lenovo\.katalon\tools\android_sdk\platform-tools\adb.exe'
[35m[AndroidDriver][39m Retrieving device list
[35m[AndroidDriver][39m Using device: efe0fbfa
[35m[ADB][39m Using 'adb.exe' from 'C:\Users\lenovo\.katalon\tools\android_sdk\platform-tools\adb.exe'
[35m[ADB][39m Getting device platform version
[35m[UiAutomator2][39m Relaxing hidden api policy
[35m[ADB][39m Package name: 'io.appium.android.apis'
[35m[ADB][39m Main activity name: 'ApiDemos'
[35m[ADB][39m Using 'apksigner.jar' from 'C:\Users\lenovo\.katalon\tools\android_sdk\build-tools\29.0.3\lib\apksigner.jar'
[35m[ADB][39m 'C:\Users\lenovo\AppData\Roaming\npm\node_modules\appium\node_modules\appium-uiautomator2-server\apks\appium-uiautomator2-server-v4.27.0.apk' is signed with the default certificate
[35m[ADB][39m 'C:\Users\lenovo\AppData\Roaming\npm\node_modules\appium\node_modules\appium-uiautomator2-server\apks\appium-uiautomator2-server-debug-androidTest.apk' is signed with the default certificate
[35m[UiAutomator2][39m Server packages are not going to be (re)installed
[35m[ADB][39m Adding packages ["io.appium.settings","io.appium.uiautomator2.server","io.appium.uiautomator2.server.test"] to Doze whitelist
[35m[ADB][39m 'C:\Users\lenovo\Downloads\MOBILE APP\ApiDemos.apk' is signed with the default certificate
[35m[ADB][39m The application at 'C:\Users\lenovo\Downloads\MOBILE APP\ApiDemos.apk' will not be cached, because the device under test has confirmed the support of streamed installs
[35m[ADB][39m The installation of 'ApiDemos.apk' took 1978ms
[35m[UiAutomator2][39m Starting UIAutomator2 server 4.27.0
[35m[UiAutomator2][39m Using UIAutomator2 server from 'C:\Users\lenovo\AppData\Roaming\npm\node_modules\appium\node_modules\appium-uiautomator2-server\apks\appium-uiautomator2-server-v4.27.0.apk' and test from 'C:\Users\lenovo\AppData\Roaming\npm\node_modules\appium\node_modules\appium-uiautomator2-server\apks\appium-uiautomator2-server-debug-androidTest.apk'
[35m[UiAutomator2][39m Waiting up to 30000ms for UiAutomator2 to be online...
[35m[WD Proxy][39m socket hang up
[35m[WD Proxy][39m socket hang up
[35m[WD Proxy][39m socket hang up
[35m[WD Proxy][39m socket hang up
[35m[WD Proxy][39m Determined the downstream protocol as 'W3C'
[35m[AndroidDriver][39m Screen already unlocked, doing nothing
[35m[UiAutomator2][39m Starting 'io.appium.android.apis/ApiDemos and waiting for 'io.appium.android.apis/ApiDemos'
[35m[Appium][39m New AndroidUiautomator2Driver session created successfully, session 55db61fa-d5e6-4de6-bc1a-4974bc56834f added to master session list
[35m[HTTP][39m [37m<-- POST /wd/hub/session [39m[32m200[39m [90m14060 ms - 1269[39m
[35m[HTTP][39m [90m[39m
[35m[HTTP][39m [37m-->[39m [37mGET[39m [37m/wd/hub/session/55db61fa-d5e6-4de6-bc1a-4974bc56834f[39m
[35m[HTTP][39m [90m{}[39m
[35m[HTTP][39m [37m<-- GET /wd/hub/session/55db61fa-d5e6-4de6-bc1a-4974bc56834f [39m[32m200[39m [90m11 ms - 1223[39m
[35m[HTTP][39m [90m[39m
[35m[HTTP][39m [37m-->[39m [37mGET[39m [37m/wd/hub/session/55db61fa-d5e6-4de6-bc1a-4974bc56834f[39m
[35m[HTTP][39m [90m{}[39m
[35m[HTTP][39m [37m<-- GET /wd/hub/session/55db61fa-d5e6-4de6-bc1a-4974bc56834f [39m[32m200[39m [90m18 ms - 1223[39m
[35m[HTTP][39m [90m[39m
[35m[HTTP][39m [37m-->[39m [37mGET[39m [37m/wd/hub/status[39m
[35m[HTTP][39m [90m{}[39m
[35m[HTTP][39m [37m<-- GET /wd/hub/status [39m[32m200[39m [90m1 ms - 68[39m
[35m[HTTP][39m [90m[39m
[35m[HTTP][39m [37m-->[39m [37mPOST[39m [37m/wd/hub/session/55db61fa-d5e6-4de6-bc1a-4974bc56834f/timeouts[39m
[35m[HTTP][39m [90m{"implicit":60000}[39m
[35m[HTTP][39m [37m<-- POST /wd/hub/session/55db61fa-d5e6-4de6-bc1a-4974bc56834f/timeouts [39m[32m200[39m [90m3 ms - 14[39m
[35m[HTTP][39m [90m[39m
[35m[HTTP][39m [37m-->[39m [37mGET[39m [37m/wd/hub/session/55db61fa-d5e6-4de6-bc1a-4974bc56834f/source[39m
[35m[HTTP][39m [90m{}[39m
[35m[W3C (55db61fa)][39m Driver proxy active, passing request on via HTTP proxy
[35m[WD Proxy][39m Replacing sessionId a52036af-444a-4c6a-9994-bf3754a9254a with 55db61fa-d5e6-4de6-bc1a-4974bc56834f
[35m[HTTP][39m [37m<-- GET /wd/hub/session/55db61fa-d5e6-4de6-bc1a-4974bc56834f/source [39m[32m200[39m [90m88 ms - 6772[39m
[35m[HTTP][39m [90m[39m
[35m[HTTP][39m [37m-->[39m [37mGET[39m [37m/wd/hub/session/55db61fa-d5e6-4de6-bc1a-4974bc56834f/screenshot[39m
[35m[HTTP][39m [90m{}[39m
[35m[HTTP][39m [37m<-- GET /wd/hub/session/55db61fa-d5e6-4de6-bc1a-4974bc56834f/screenshot [39m[32m200[39m [90m617 ms - 159470[39m
[35m[HTTP][39m [90m[39m
[35m[HTTP][39m [37m-->[39m [37mPOST[39m [37m/wd/hub/session/55db61fa-d5e6-4de6-bc1a-4974bc56834f/elements[39m
[35m[HTTP][39m [90m{"using":"xpath","value":"//*[@class = 'android.widget.Button' and (@text = 'OK' or . = 'OK') and @resource-id = 'android:id/button1']"}[39m
[35m[HTTP][39m [37m<-- POST /wd/hub/session/55db61fa-d5e6-4de6-bc1a-4974bc56834f/elements [39m[32m200[39m [90m360 ms - 139[39m
[35m[HTTP][39m [90m[39m
[35m[HTTP][39m [37m-->[39m [37mGET[39m [37m/wd/hub/session/55db61fa-d5e6-4de6-bc1a-4974bc56834f/window/rect[39m
[35m[HTTP][39m [90m{}[39m
[35m[HTTP][39m [37m<-- GET /wd/hub/session/55db61fa-d5e6-4de6-bc1a-4974bc56834f/window/rect [39m[32m200[39m [90m36 ms - 50[39m
[35m[HTTP][39m [90m[39m
[35m[HTTP][39m [37m-->[39m [37mPOST[39m [37m/wd/hub/session/55db61fa-d5e6-4de6-bc1a-4974bc56834f/elements[39m
[35m[HTTP][39m [90m{"using":"xpath","value":"//*[@class = 'android.widget.Button' and (@text = 'OK' or . = 'OK') and @resource-id = 'android:id/button1']"}[39m
[35m[HTTP][39m [37m<-- POST /wd/hub/session/55db61fa-d5e6-4de6-bc1a-4974bc56834f/elements [39m[32m200[39m [90m55 ms - 139[39m
[35m[HTTP][39m [90m[39m
[35m[HTTP][39m [37m-->[39m [37mGET[39m [37m/wd/hub/session/55db61fa-d5e6-4de6-bc1a-4974bc56834f/element/00000000-0000-02c3-ffff-ffff00001070/location[39m
[35m[HTTP][39m [90m{}[39m
[35m[W3C (55db61fa)][39m Driver proxy active, passing request on via HTTP proxy
[35m[WD Proxy][39m Replacing sessionId a52036af-444a-4c6a-9994-bf3754a9254a with 55db61fa-d5e6-4de6-bc1a-4974bc56834f
[35m[HTTP][39m [37m<-- GET /wd/hub/session/55db61fa-d5e6-4de6-bc1a-4974bc56834f/element/00000000-0000-02c3-ffff-ffff00001070/location [39m[32m200[39m [90m26 ms - 79[39m
[35m[HTTP][39m [90m[39m
[35m[HTTP][39m [37m-->[39m [37mPOST[39m [37m/wd/hub/session/55db61fa-d5e6-4de6-bc1a-4974bc56834f/element/00000000-0000-02c3-ffff-ffff00001070/click[39m
[35m[HTTP][39m [90m{"id":"00000000-0000-02c3-ffff-ffff00001070"}[39m
[35m[HTTP][39m [37m<-- POST /wd/hub/session/55db61fa-d5e6-4de6-bc1a-4974bc56834f/element/00000000-0000-02c3-ffff-ffff00001070/click [39m[32m200[39m [90m70 ms - 14[39m
[35m[HTTP][39m [90m[39m
[35m[HTTP][39m [37m-->[39m [37mGET[39m [37m/wd/hub/session/55db61fa-d5e6-4de6-bc1a-4974bc56834f/source[39m
[35m[HTTP][39m [90m{}[39m
[35m[W3C (55db61fa)][39m Driver proxy active, passing request on via HTTP proxy
[35m[WD Proxy][39m Replacing sessionId a52036af-444a-4c6a-9994-bf3754a9254a with 55db61fa-d5e6-4de6-bc1a-4974bc56834f
[35m[HTTP][39m [37m<-- GET /wd/hub/session/55db61fa-d5e6-4de6-bc1a-4974bc56834f/source [39m[32m200[39m [90m94 ms - 8119[39m
[35m[HTTP][39m [90m[39m
[35m[HTTP][39m [37m-->[39m [37mGET[39m [37m/wd/hub/session/55db61fa-d5e6-4de6-bc1a-4974bc56834f/screenshot[39m
[35m[HTTP][39m [90m{}[39m
[35m[HTTP][39m [37m<-- GET /wd/hub/session/55db61fa-d5e6-4de6-bc1a-4974bc56834f/screenshot [39m[32m200[39m [90m377 ms - 100794[39m
[35m[HTTP][39m [90m[39m
[35m[HTTP][39m [37m-->[39m [37mPOST[39m [37m/wd/hub/session/55db61fa-d5e6-4de6-bc1a-4974bc56834f/elements[39m
[35m[HTTP][39m [90m{"using":"xpath","value":"//*[@class = 'android.widget.TextView' and (@text = 'Graphics' or . = 'Graphics') and @resource-id = 'android:id/text1']"}[39m
[35m[HTTP][39m [37m<-- POST /wd/hub/session/55db61fa-d5e6-4de6-bc1a-4974bc56834f/elements [39m[32m200[39m [90m178 ms - 139[39m
[35m[HTTP][39m [90m[39m
[35m[HTTP][39m [37m-->[39m [37mGET[39m [37m/wd/hub/session/55db61fa-d5e6-4de6-bc1a-4974bc56834f/window/rect[39m
[35m[HTTP][39m [90m{}[39m
[35m[HTTP][39m [37m<-- GET /wd/hub/session/55db61fa-d5e6-4de6-bc1a-4974bc56834f/window/rect [39m[32m200[39m [90m36 ms - 50[39m
[35m[HTTP][39m [90m[39m
[35m[HTTP][39m [37m-->[39m [37mPOST[39m [37m/wd/hub/session/55db61fa-d5e6-4de6-bc1a-4974bc56834f/elements[39m
[35m[HTTP][39m [90m{"using":"xpath","value":"//*[@class = 'android.widget.TextView' and (@text = 'Graphics' or . = 'Graphics') and @resource-id = 'android:id/text1']"}[39m
[35m[HTTP][39m [37m<-- POST /wd/hub/session/55db61fa-d5e6-4de6-bc1a-4974bc56834f/elements [39m[32m200[39m [90m136 ms - 139[39m
[35m[HTTP][39m [90m[39m
[35m[HTTP][39m [37m-->[39m [37mGET[39m [37m/wd/hub/session/55db61fa-d5e6-4de6-bc1a-4974bc56834f/element/00000000-0000-02c4-ffff-ffff0000000b/location[39m
[35m[HTTP][39m [90m{}[39m
[35m[W3C (55db61fa)][39m Driver proxy active, passing request on via HTTP proxy
[35m[WD Proxy][39m Replacing sessionId a52036af-444a-4c6a-9994-bf3754a9254a with 55db61fa-d5e6-4de6-bc1a-4974bc56834f
[35m[HTTP][39m [37m<-- GET /wd/hub/session/55db61fa-d5e6-4de6-bc1a-4974bc56834f/element/00000000-0000-02c4-ffff-ffff0000000b/location [39m[32m200[39m [90m31 ms - 76[39m
[35m[HTTP][39m [90m[39m
[35m[HTTP][39m [37m-->[39m [37mPOST[39m [37m/wd/hub/session/55db61fa-d5e6-4de6-bc1a-4974bc56834f/element/00000000-0000-02c4-ffff-ffff0000000b/click[39m
[35m[HTTP][39m [90m{"id":"00000000-0000-02c4-ffff-ffff0000000b"}[39m
[35m[HTTP][39m [37m<-- POST /wd/hub/session/55db61fa-d5e6-4de6-bc1a-4974bc56834f/element/00000000-0000-02c4-ffff-ffff0000000b/click [39m[32m200[39m [90m1129 ms - 14[39m
[35m[HTTP][39m [90m[39m
[35m[HTTP][39m [37m-->[39m [37mGET[39m [37m/wd/hub/session/55db61fa-d5e6-4de6-bc1a-4974bc56834f/source[39m
[35m[HTTP][39m [90m{}[39m
[35m[W3C (55db61fa)][39m Driver proxy active, passing request on via HTTP proxy
[35m[WD Proxy][39m Replacing sessionId a52036af-444a-4c6a-9994-bf3754a9254a with 55db61fa-d5e6-4de6-bc1a-4974bc56834f
[35m[HTTP][39m [37m<-- GET /wd/hub/session/55db61fa-d5e6-4de6-bc1a-4974bc56834f/source [39m[32m200[39m [90m156 ms - 9556[39m
[35m[HTTP][39m [90m[39m
[35m[HTTP][39m [37m-->[39m [37mGET[39m [37m/wd/hub/session/55db61fa-d5e6-4de6-bc1a-4974bc56834f/screenshot[39m
[35m[HTTP][39m [90m{}[39m
[35m[HTTP][39m [37m<-- GET /wd/hub/session/55db61fa-d5e6-4de6-bc1a-4974bc56834f/screenshot [39m[32m200[39m [90m442 ms - 145064[39m
[35m[HTTP][39m [90m[39m
[35m[HTTP][39m [37m-->[39m [37mPOST[39m [37m/wd/hub/session/55db61fa-d5e6-4de6-bc1a-4974bc56834f/elements[39m
[35m[HTTP][39m [90m{"using":"xpath","value":"//*[@class = 'android.widget.TextView' and (@text = 'Compass' or . = 'Compass') and @resource-id = 'android:id/text1']"}[39m
[35m[HTTP][39m [37m<-- POST /wd/hub/session/55db61fa-d5e6-4de6-bc1a-4974bc56834f/elements [39m[32m200[39m [90m165 ms - 139[39m
[35m[HTTP][39m [90m[39m
[35m[HTTP][39m [37m-->[39m [37mGET[39m [37m/wd/hub/session/55db61fa-d5e6-4de6-bc1a-4974bc56834f/window/rect[39m
[35m[HTTP][39m [90m{}[39m
[35m[HTTP][39m [37m<-- GET /wd/hub/session/55db61fa-d5e6-4de6-bc1a-4974bc56834f/window/rect [39m[32m200[39m [90m23 ms - 50[39m
[35m[HTTP][39m [90m[39m
[35m[HTTP][39m [37m-->[39m [37mPOST[39m [37m/wd/hub/session/55db61fa-d5e6-4de6-bc1a-4974bc56834f/elements[39m
[35m[HTTP][39m [90m{"using":"xpath","value":"//*[@class = 'android.widget.TextView' and (@text = 'Compass' or . = 'Compass') and @resource-id = 'android:id/text1']"}[39m
[35m[HTTP][39m [37m<-- POST /wd/hub/session/55db61fa-d5e6-4de6-bc1a-4974bc56834f/elements [39m[32m200[39m [90m164 ms - 139[39m
[35m[HTTP][39m [90m[39m
[35m[HTTP][39m [37m-->[39m [37mGET[39m [37m/wd/hub/session/55db61fa-d5e6-4de6-bc1a-4974bc56834f/element/00000000-0000-02c5-ffff-ffff00000024/location[39m
[35m[HTTP][39m [90m{}[39m
[35m[W3C (55db61fa)][39m Driver proxy active, passing request on via HTTP proxy
[35m[WD Proxy][39m Replacing sessionId a52036af-444a-4c6a-9994-bf3754a9254a with 55db61fa-d5e6-4de6-bc1a-4974bc56834f
[35m[HTTP][39m [37m<-- GET /wd/hub/session/55db61fa-d5e6-4de6-bc1a-4974bc56834f/element/00000000-0000-02c5-ffff-ffff00000024/location [39m[32m200[39m [90m38 ms - 77[39m
[35m[HTTP][39m [90m[39m
[35m[HTTP][39m [37m-->[39m [37mPOST[39m [37m/wd/hub/session/55db61fa-d5e6-4de6-bc1a-4974bc56834f/element/00000000-0000-02c5-ffff-ffff00000024/click[39m
[35m[HTTP][39m [90m{"id":"00000000-0000-02c5-ffff-ffff00000024"}[39m
[35m[HTTP][39m [37m<-- POST /wd/hub/session/55db61fa-d5e6-4de6-bc1a-4974bc56834f/element/00000000-0000-02c5-ffff-ffff00000024/click [39m[32m200[39m [90m827 ms - 14[39m
[35m[HTTP][39m [90m[39m
[35m[HTTP][39m [37m-->[39m [37mGET[39m [37m/wd/hub/session/55db61fa-d5e6-4de6-bc1a-4974bc56834f/source[39m
[35m[HTTP][39m [90m{}[39m
[35m[W3C (55db61fa)][39m Driver proxy active, passing request on via HTTP proxy
[35m[WD Proxy][39m Replacing sessionId a52036af-444a-4c6a-9994-bf3754a9254a with 55db61fa-d5e6-4de6-bc1a-4974bc56834f
[35m[HTTP][39m [37m<-- GET /wd/hub/session/55db61fa-d5e6-4de6-bc1a-4974bc56834f/source [39m[32m200[39m [90m79 ms - 3201[39m
[35m[HTTP][39m [90m[39m
[35m[HTTP][39m [37m-->[39m [37mGET[39m [37m/wd/hub/session/55db61fa-d5e6-4de6-bc1a-4974bc56834f/screenshot[39m
[35m[HTTP][39m [90m{}[39m
[35m[HTTP][39m [37m<-- GET /wd/hub/session/55db61fa-d5e6-4de6-bc1a-4974bc56834f/screenshot [39m[32m200[39m [90m403 ms - 61806[39m
[35m[HTTP][39m [90m[39m
[35m[HTTP][39m [37m-->[39m [37mGET[39m [37m/wd/hub/session/55db61fa-d5e6-4de6-bc1a-4974bc56834f/context[39m
[35m[HTTP][39m [90m{}[39m
[35m[HTTP][39m [37m<-- GET /wd/hub/session/55db61fa-d5e6-4de6-bc1a-4974bc56834f/context [39m[32m200[39m [90m3 ms - 22[39m
[35m[HTTP][39m [90m[39m
[35m[HTTP][39m [37m-->[39m [37mGET[39m [37m/wd/hub/session/55db61fa-d5e6-4de6-bc1a-4974bc56834f/contexts[39m
[35m[HTTP][39m [90m{}[39m
[35m[HTTP][39m [37m<-- GET /wd/hub/session/55db61fa-d5e6-4de6-bc1a-4974bc56834f/contexts [39m[32m200[39m [90m295 ms - 41[39m
[35m[HTTP][39m [90m[39m
[35m[HTTP][39m [37m-->[39m [37mPOST[39m [37m/wd/hub/session/55db61fa-d5e6-4de6-bc1a-4974bc56834f/context[39m
[35m[HTTP][39m [90m{"name":"NATIVE_APP"}[39m
[35m[HTTP][39m [37m<-- POST /wd/hub/session/55db61fa-d5e6-4de6-bc1a-4974bc56834f/context [39m[32m200[39m [90m2 ms - 14[39m
[35m[HTTP][39m [90m[39m
[35m[HTTP][39m [37m-->[39m [37mPOST[39m [37m/wd/hub/session/55db61fa-d5e6-4de6-bc1a-4974bc56834f/appium/device/press_keycode[39m
[35m[HTTP][39m [90m{"keycode":4}[39m
[35m[HTTP][39m [37m<-- POST /wd/hub/session/55db61fa-d5e6-4de6-bc1a-4974bc56834f/appium/device/press_keycode [39m[32m200[39m [90m1116 ms - 14[39m
[35m[HTTP][39m [90m[39m
[35m[HTTP][39m [37m-->[39m [37mPOST[39m [37m/wd/hub/session/55db61fa-d5e6-4de6-bc1a-4974bc56834f/context[39m
[35m[HTTP][39m [90m{"name":"NATIVE_APP"}[39m
[35m[HTTP][39m [37m<-- POST /wd/hub/session/55db61fa-d5e6-4de6-bc1a-4974bc56834f/context [39m[32m200[39m [90m3 ms - 14[39m
[35m[HTTP][39m [90m[39m
[35m[HTTP][39m [37m-->[39m [37mGET[39m [37m/wd/hub/session/55db61fa-d5e6-4de6-bc1a-4974bc56834f/source[39m
[35m[HTTP][39m [90m{}[39m
[35m[W3C (55db61fa)][39m Driver proxy active, passing request on via HTTP proxy
[35m[WD Proxy][39m Replacing sessionId a52036af-444a-4c6a-9994-bf3754a9254a with 55db61fa-d5e6-4de6-bc1a-4974bc56834f
[35m[HTTP][39m [37m<-- GET /wd/hub/session/55db61fa-d5e6-4de6-bc1a-4974bc56834f/source [39m[32m200[39m [90m116 ms - 9556[39m
[35m[HTTP][39m [90m[39m
[35m[HTTP][39m [37m-->[39m [37mGET[39m [37m/wd/hub/session/55db61fa-d5e6-4de6-bc1a-4974bc56834f/screenshot[39m
[35m[HTTP][39m [90m{}[39m
[35m[HTTP][39m [37m<-- GET /wd/hub/session/55db61fa-d5e6-4de6-bc1a-4974bc56834f/screenshot [39m[32m200[39m [90m468 ms - 145060[39m
[35m[HTTP][39m [90m[39m
[35m[HTTP][39m [37m-->[39m [37mGET[39m [37m/wd/hub/session/55db61fa-d5e6-4de6-bc1a-4974bc56834f/context[39m
[35m[HTTP][39m [90m{}[39m
[35m[HTTP][39m [37m<-- GET /wd/hub/session/55db61fa-d5e6-4de6-bc1a-4974bc56834f/context [39m[32m200[39m [90m2 ms - 22[39m
[35m[HTTP][39m [90m[39m
[35m[HTTP][39m [37m-->[39m [37mGET[39m [37m/wd/hub/session/55db61fa-d5e6-4de6-bc1a-4974bc56834f/contexts[39m
[35m[HTTP][39m [90m{}[39m
[35m[HTTP][39m [37m<-- GET /wd/hub/session/55db61fa-d5e6-4de6-bc1a-4974bc56834f/contexts [39m[32m200[39m [90m225 ms - 41[39m
[35m[HTTP][39m [90m[39m
[35m[HTTP][39m [37m-->[39m [37mPOST[39m [37m/wd/hub/session/55db61fa-d5e6-4de6-bc1a-4974bc56834f/context[39m
[35m[HTTP][39m [90m{"name":"NATIVE_APP"}[39m
[35m[HTTP][39m [37m<-- POST /wd/hub/session/55db61fa-d5e6-4de6-bc1a-4974bc56834f/context [39m[32m200[39m [90m4 ms - 14[39m
[35m[HTTP][39m [90m[39m
[35m[HTTP][39m [37m-->[39m [37mPOST[39m [37m/wd/hub/session/55db61fa-d5e6-4de6-bc1a-4974bc56834f/appium/device/press_keycode[39m
[35m[HTTP][39m [90m{"keycode":4}[39m
[35m[HTTP][39m [37m<-- POST /wd/hub/session/55db61fa-d5e6-4de6-bc1a-4974bc56834f/appium/device/press_keycode [39m[32m200[39m [90m747 ms - 14[39m
[35m[HTTP][39m [90m[39m
[35m[HTTP][39m [37m-->[39m [37mPOST[39m [37m/wd/hub/session/55db61fa-d5e6-4de6-bc1a-4974bc56834f/context[39m
[35m[HTTP][39m [90m{"name":"NATIVE_APP"}[39m
[35m[HTTP][39m [37m<-- POST /wd/hub/session/55db61fa-d5e6-4de6-bc1a-4974bc56834f/context [39m[32m200[39m [90m5 ms - 14[39m
[35m[HTTP][39m [90m[39m
[35m[HTTP][39m [37m-->[39m [37mGET[39m [37m/wd/hub/session/55db61fa-d5e6-4de6-bc1a-4974bc56834f/source[39m
[35m[HTTP][39m [90m{}[39m
[35m[W3C (55db61fa)][39m Driver proxy active, passing request on via HTTP proxy
[35m[WD Proxy][39m Replacing sessionId a52036af-444a-4c6a-9994-bf3754a9254a with 55db61fa-d5e6-4de6-bc1a-4974bc56834f
[35m[HTTP][39m [37m<-- GET /wd/hub/session/55db61fa-d5e6-4de6-bc1a-4974bc56834f/source [39m[32m200[39m [90m94 ms - 8119[39m
[35m[HTTP][39m [90m[39m
[35m[HTTP][39m [37m-->[39m [37mGET[39m [37m/wd/hub/session/55db61fa-d5e6-4de6-bc1a-4974bc56834f/screenshot[39m
[35m[HTTP][39m [90m{}[39m
[35m[HTTP][39m [37m<-- GET /wd/hub/session/55db61fa-d5e6-4de6-bc1a-4974bc56834f/screenshot [39m[32m200[39m [90m439 ms - 100764[39m
[35m[HTTP][39m [90m[39m
[35m[HTTP][39m [37m-->[39m [37mDELETE[39m [37m/wd/hub/session/55db61fa-d5e6-4de6-bc1a-4974bc56834f[39m
[35m[HTTP][39m [90m{}[39m
[35m[Appium][39m Removing session 55db61fa-d5e6-4de6-bc1a-4974bc56834f from our master session list
[35m[UiAutomator2][39m Restoring hidden api policy to the device default configuration
[35m[HTTP][39m [37m<-- DELETE /wd/hub/session/55db61fa-d5e6-4de6-bc1a-4974bc56834f [39m[32m200[39m [90m489 ms - 14[39m
[35m[HTTP][39m [90m[39m
